[01m[K/home/devesh/ws2/src/smb_highlevel_controller/src/subscriber.cpp:[m[K In function ‘[01m[Kint main(int, char**)[m[K’:
[01m[K/home/devesh/ws2/src/smb_highlevel_controller/src/subscriber.cpp:16:5:[m[K [01;31m[Kerror: [m[K‘[01m[Kstring[m[K’ was not declared in this scope
   16 |     [01;31m[Kstring[m[K topic_name = nodeHandle.getParam<std::string>("topic_name","Hello");
      |     [01;31m[K^~~~~~[m[K
[01m[K/home/devesh/ws2/src/smb_highlevel_controller/src/subscriber.cpp:16:5:[m[K [01;36m[Knote: [m[Ksuggested alternatives:
In file included from [01m[K/usr/include/c++/9/string:39[m[K,
                 from [01m[K/opt/ros/noetic/include/ros/platform.h:38[m[K,
                 from [01m[K/opt/ros/noetic/include/ros/time.h:53[m[K,
                 from [01m[K/opt/ros/noetic/include/ros/ros.h:38[m[K,
                 from [01m[K/home/devesh/ws2/src/smb_highlevel_controller/src/subscriber.cpp:1[m[K:
[01m[K/usr/include/c++/9/bits/stringfwd.h:79:33:[m[K [01;36m[Knote: [m[K  ‘[01m[Kstd::string[m[K’
   79 |   typedef basic_string<char>    [01;36m[Kstring[m[K;
      |                                 [01;36m[K^~~~~~[m[K
In file included from [01m[K/usr/include/boost/lexical_cast/detail/converter_lexical.hpp:52[m[K,
                 from [01m[K/usr/include/boost/lexical_cast/try_lexical_convert.hpp:44[m[K,
                 from [01m[K/usr/include/boost/lexical_cast.hpp:32[m[K,
                 from [01m[K/opt/ros/noetic/include/ros/transport_hints.h:34[m[K,
                 from [01m[K/opt/ros/noetic/include/ros/subscribe_options.h:33[m[K,
                 from [01m[K/opt/ros/noetic/include/ros/node_handle.h:42[m[K,
                 from [01m[K/opt/ros/noetic/include/ros/ros.h:45[m[K,
                 from [01m[K/home/devesh/ws2/src/smb_highlevel_controller/src/subscriber.cpp:1[m[K:
[01m[K/usr/include/boost/container/container_fwd.hpp:191:31:[m[K [01;36m[Knote: [m[K  ‘[01m[Kboost::container::string[m[K’
  191 | typedef basic_string <char>   [01;36m[Kstring[m[K;
      |                               [01;36m[K^~~~~~[m[K
make[2]: *** [CMakeFiles/subscriber_node.dir/build.make:76: CMakeFiles/subscriber_node.dir/src/subscriber.cpp.o] Error 1
make[1]: *** [CMakeFiles/Makefile2:165: CMakeFiles/subscriber_node.dir/all] Error 2
make: *** [Makefile:146: all] Error 2
